<?xml version="1.0" encoding="UTF-8"?>
<testsuite xmlns:xsi="http://www.w3.org/2001/XMLSchema-instance" xsi:noNamespaceSchemaLocation="https://maven.apache.org/surefire/maven-surefire-plugin/xsd/surefire-test-report-3.0.xsd" version="3.0" name="AirportTest" time="0.335" tests="5" errors="0" skipped="0" failures="0">
  <properties>
[...]
</properties>
  <testcase name="test3" classname="AirportTest" time="0.009"/>
  <testcase name="testExperimentalPlanesHasClassificationLevelHigherThanUnclassified" classname="AirportTest" time="0.0"/>
  <testcase name="testGetPassengerPlaneWithMaxCapacity" classname="AirportTest" time="0.004">
    <system-out><![CDATA[TEST testGetPassengerPlaneWithMaxCapacity started!
]]></system-out>
  </testcase>
  <testcase name="testGetTransportMilitaryPlanes" classname="AirportTest" time="0.0"/>
  <testcase name="testHasAtLeastOneBomberInMilitaryPlanes" classname="AirportTest" time="0.0"/>
</testsuite>