<?xml version="1.0" encoding="UTF-8"?>
<testng-results ignored="0" total="5" passed="5" failed="0" skipped="0">
  <reporter-output>
  </reporter-output>
  <suite started-at="2024-04-27T08:49:39 MSK" name="Surefire suite" finished-at="2024-04-27T08:49:39 MSK" duration-ms="36">
    <groups>
    </groups>
    <test started-at="2024-04-27T08:49:39 MSK" name="Surefire test" finished-at="2024-04-27T08:49:39 MSK" duration-ms="36">
      <class name="AirportTest">
        <test-method signature="test3()[pri:0, instance:AirportTest@6483f5ae]" started-at="2024-04-27T08:49:39 MSK" name="test3" finished-at="2024-04-27T08:49:39 MSK" duration-ms="10" status="PASS">
          <reporter-output>
          </reporter-output>
        </test-method> <!-- test3 -->
        <test-method signature="testExperimentalPlanesHasClassificationLevelHigherThanUnclassified()[pri:0, instance:AirportTest@6483f5ae]" started-at="2024-04-27T08:49:39 MSK" name="testExperimentalPlanesHasClassificationLevelHigherThanUnclassified" finished-at="2024-04-27T08:49:39 MSK" duration-ms="1" status="PASS">
          <reporter-output>
          </reporter-output>
        </test-method> <!-- testExperimentalPlanesHasClassificationLevelHigherThanUnclassified -->
        <test-method signature="testGetPassengerPlaneWithMaxCapacity()[pri:0, instance:AirportTest@6483f5ae]" started-at="2024-04-27T08:49:39 MSK" name="testGetPassengerPlaneWithMaxCapacity" finished-at="2024-04-27T08:49:39 MSK" duration-ms="2" status="PASS">
          <reporter-output>
          </reporter-output>
        </test-method> <!-- testGetPassengerPlaneWithMaxCapacity -->
        <test-method signature="testGetTransportMilitaryPlanes()[pri:0, instance:AirportTest@6483f5ae]" started-at="2024-04-27T08:49:39 MSK" name="testGetTransportMilitaryPlanes" finished-at="2024-04-27T08:49:39 MSK" duration-ms="0" status="PASS">
          <reporter-output>
          </reporter-output>
        </test-method> <!-- testGetTransportMilitaryPlanes -->
        <test-method signature="testHasAtLeastOneBomberInMilitaryPlanes()[pri:0, instance:AirportTest@6483f5ae]" started-at="2024-04-27T08:49:39 MSK" name="testHasAtLeastOneBomberInMilitaryPlanes" finished-at="2024-04-27T08:49:39 MSK" duration-ms="0" status="PASS">
          <reporter-output>
          </reporter-output>
        </test-method> <!-- testHasAtLeastOneBomberInMilitaryPlanes -->
      </class> <!-- AirportTest -->
    </test> <!-- Surefire test -->
  </suite> <!-- Surefire suite -->
</testng-results>
