<?xml version="1.0" encoding="UTF-8"?>
<!-- Generated by org.testng.reporters.JUnitXMLReporter -->
<testsuite ignored="0" hostname="DESKTOP-LAMPVML" failures="0" tests="5" name="Surefire test" time="0.036" errors="0" timestamp="2024-04-26T21:39:42 MSK">
  <testcase classname="AirportTest" name="test3" time="0.009"/>
  <testcase classname="AirportTest" name="testExperimentalPlanesHasClassificationLevelHigherThanUnclassified" time="0.0"/>
  <testcase classname="AirportTest" name="testGetPassengerPlaneWithMaxCapacity" time="0.001"/>
  <testcase classname="AirportTest" name="testGetTransportMilitaryPlanes" time="0.0"/>
  <testcase classname="AirportTest" name="testHasAtLeastOneBomberInMilitaryPlanes" time="0.001"/>
</testsuite> <!-- Surefire test -->
